
Showing logs for build [32mcb-kubecd-environment-pr-1301-2-q547f-1[0m stage [32mfrom-build-pack[0m and container [32mstep-credential-initializer-2pw5j[0m
{"level":"warn","ts":1584971990.7350535,"logger":"fallback-logger","caller":"logging/config.go:69","msg":"Fetch GitHub commit ID from kodata failed: \"ref: refs/heads/0.8.0-**-support-backwards-incompats\" is not a valid GitHub commit ID"}
{"level":"info","ts":1584971990.7360666,"logger":"fallback-logger","caller":"creds-init/main.go:40","msg":"Credentials initialized."}

Showing logs for build [32mcb-kubecd-environment-pr-1301-2-q547f-1[0m stage [32mfrom-build-pack[0m and container [32mstep-working-dir-initializer-t2t5q[0m
{"level":"warn","ts":1584971992.1622922,"logger":"fallback-logger","caller":"logging/config.go:69","msg":"Fetch GitHub commit ID from kodata failed: open /var/run/ko/HEAD: no such file or directory"}
{"level":"info","ts":1584971992.1640038,"logger":"fallback-logger","caller":"bash/main.go:64","msg":"Successfully executed command \"sh -c mkdir -p /workspace/source\"; output "}

Showing logs for build [32mcb-kubecd-environment-pr-1301-2-q547f-1[0m stage [32mfrom-build-pack[0m and container [32mstep-place-tools[0m

Showing logs for build [32mcb-kubecd-environment-pr-1301-2-q547f-1[0m stage [32mfrom-build-pack[0m and container [32mstep-git-source-cb-kubecd-environment-pr-1301-2-q547f-fcr6t[0m
{"level":"warn","ts":1584972022.3068497,"logger":"fallback-logger","caller":"logging/config.go:69","msg":"Fetch GitHub commit ID from kodata failed: \"ref: refs/heads/0.8.0-**-support-backwards-incompats\" is not a valid GitHub commit ID"}
{"level":"info","ts":1584972023.9471993,"logger":"fallback-logger","caller":"git/git.go:103","msg":"Successfully cloned https://github.com/cb-kubecd/environment-pr-1301-2-bdd-frontend-staging.git @ master in path /workspace/source"}

Showing logs for build [32mcb-kubecd-environment-pr-1301-2-q547f-1[0m stage [32mfrom-build-pack[0m and container [32mstep-git-merge[0m
Using SHAs from PULL_REFS=master:f530a85b67f8153d0d9a148266818ca33d4acb80,1:ab012cfc60d20d6fa506f02e4925c8bcd30cc8b9
DEBUG: LC_ALL=C JX_LOG_LEVEL=error git fetch origin --unshallow ab012cfc60d20d6fa506f02e4925c8bcd30cc8b9: f530a85b67f8153d0d9a148266818ca33d4acb80:
DEBUG: ran git fetch --unshallow origin ab012cfc60d20d6fa506f02e4925c8bcd30cc8b9: f530a85b67f8153d0d9a148266818ca33d4acb80: in 
DEBUG: LC_ALL=C JX_LOG_LEVEL=error git branch
DEBUG: LC_ALL=C JX_LOG_LEVEL=error git checkout master
DEBUG: ran git checkout master in 
DEBUG: JX_LOG_LEVEL=error LC_ALL=C git reset --hard f530a85b67f8153d0d9a148266818ca33d4acb80
DEBUG: ran git reset --hard f530a85b67f8153d0d9a148266818ca33d4acb80 in 
DEBUG: LC_ALL=C JX_LOG_LEVEL=error git clean -fd .
DEBUG: ran clean --force -d . in 
DEBUG: LC_ALL=C JX_LOG_LEVEL=error git merge ab012cfc60d20d6fa506f02e4925c8bcd30cc8b9
DEBUG: ran git merge ab012cfc60d20d6fa506f02e4925c8bcd30cc8b9 in 
DEBUG: LC_ALL=C JX_LOG_LEVEL=error git log --format=%H%x1f%an%x1f%ae%x1f%cn%x1f%ce%x1f%s%n%b%x1e f530a85b67f8153d0d9a148266818ca33d4acb80..HEAD
Merged SHA ab012cfc60d20d6fa506f02e4925c8bcd30cc8b9 with commit message 'chore: Promote bdd-nh-1584970990 to version 0.0.1' into base branch master

Showing logs for build [32mcb-kubecd-environment-pr-1301-2-q547f-1[0m stage [32mfrom-build-pack[0m and container [32mstep-build-helm-build[0m
WARNING: No $CHART_REPOSITORY defined so using the default value of: http://jenkins-x-chartmuseum:8080
Adding missing Helm repo: storage.googleapis.com https://storage.googleapis.com/chartmuseum.jenkins-x.io
WARNING: No secrets found on "helm/repos" due: reading the secret "helm/repos" from vault: no secret "helm/repos" not found in vault
Read credentials for https://storage.googleapis.com/chartmuseum.jenkins-x.io from vault helm/repos
Successfully added Helm repository storage.googleapis.com.
Adding missing Helm repo: jenkins-x-chartmuseum http://jenkins-x-chartmuseum:8080
WARNING: No secrets found on "helm/repos" due: reading the secret "helm/repos" from vault: no secret "helm/repos" not found in vault
Read credentials for http://jenkins-x-chartmuseum:8080 from vault helm/repos
Successfully added Helm repository jenkins-x-chartmuseum.
WARNING: No $CHART_REPOSITORY defined so using the default value of: http://jenkins-x-chartmuseum:8080
Adding missing Helm repo: chartmuseum.jenkins-x.io http://chartmuseum.jenkins-x.io
WARNING: No secrets found on "helm/repos" due: reading the secret "helm/repos" from vault: no secret "helm/repos" not found in vault
Read credentials for http://chartmuseum.jenkins-x.io from vault helm/repos
Successfully added Helm repository chartmuseum.jenkins-x.io.
